Build started 3/7/2011 1:35:00 PM.
     1>Project "C:\Users\Fredrik\Documents\kinect\Kinect-Clothes\skeletonjelly\tanoku-SkeletonJelly-7ef6f70\tanoku-SkeletonJelly-7ef6f70\examples\position\position.vcxproj" on node 3 (rebuild target(s)).
     1>_PrepareForClean:
         Deleting file "Debug\position.lastbuildstate".
       InitializeBuildStatus:
         Touching "Debug\position.unsuccessfulbuild".
       ClCompile:
         C:\Program Files (x86)\Microsoft Visual Studio 10.0\VC\bin\CL.exe /c /ZI /nologo /W3 /WX- /Od /Oy- /D _MBCS /Gm /EHsc /RTC1 /MDd /GS /fp:precise /Zc:wchar_t /Zc:forScope /Fo"Debug\\" /Fd"Debug\vc100.pdb" /Gd /TP /analyze- /errorReport:prompt ..\..\src\skeletonjelly.cpp main.cpp
         main.cpp
     1>c:\users\fredrik\documents\kinect\kinect-clothes\skeletonjelly\tanoku-skeletonjelly-7ef6f70\tanoku-skeletonjelly-7ef6f70\examples\position\main.cpp(2): fatal error C1083: Cannot open include file: 'GLUT/glut.h': No such file or directory
         skeletonjelly.cpp
     1>c:\users\fredrik\documents\kinect\kinect-clothes\skeletonjelly\tanoku-skeletonjelly-7ef6f70\tanoku-skeletonjelly-7ef6f70\src\skeletonjelly.cpp(484): warning C4101: 'frontPlane' : unreferenced local variable
         Generating Code...
     1>Done Building Project "C:\Users\Fredrik\Documents\kinect\Kinect-Clothes\skeletonjelly\tanoku-SkeletonJelly-7ef6f70\tanoku-SkeletonJelly-7ef6f70\examples\position\position.vcxproj" (rebuild target(s)) -- FAILED.

Build FAILED.

Time Elapsed 00:00:03.70
