Build started 3/3/2011 3:16:24 PM.
Project "\\vmware-host\Shared Folders\tmp\kinect-clothes\Samples\NiBackRecorder\NiBackRecorder_2010.vcxproj" on node 2 (build target(s)).
InitializeBuildStatus:
  Touching "Debug\NiBackRecorder.unsuccessfulbuild".
ClCompile:
  All outputs are up-to-date.
ResourceCompile:
  All outputs are up-to-date.
ManifestResourceCompile:
  C:\Program Files\Microsoft SDKs\Windows\v7.0A\bin\rc.exe /nologo /fo"Debug\NiBackRecorder.exe.embed.manifest.res" Debug\NiBackRecorder_manifest.rc 
Link:
  C:\Program Files\Microsoft Visual Studio 10.0\VC\bin\link.exe /ERRORREPORT:PROMPT /OUT:"../Bin/Debug\NiBackRecorder.exe" /INCREMENTAL /NOLOGO /LIBPATH:../../Lib/Debug /LIBPATH:../../Lib/ openNI.lib kernel32.lib user32.lib gdi32.lib winspool.lib comdlg32.lib advapi32.lib shell32.lib ole32.lib oleaut32.lib uuid.lib odbc32.lib odbccp32.lib /MANIFEST /ManifestFile:"Debug\NiBackRecorder.exe.intermediate.manifest" /MANIFESTUAC:"level='asInvoker' uiAccess='false'" /DEBUG /PDB:"../Bin/Debug/NiBackRecorder.pdb" /SUBSYSTEM:CONSOLE /TLBID:1 /DYNAMICBASE /NXCOMPAT /IMPLIB:"../Bin/Debug\NiBackRecorder.lib" /MACHINE:X86 Debug\OpenNI.res
  Debug\NiBackRecorder.exe.embed.manifest.res
  Debug\main.obj
Manifest:
  C:\Program Files\Microsoft SDKs\Windows\v7.0A\bin\mt.exe /nologo /verbose /out:"Debug\NiBackRecorder.exe.embed.manifest" /manifest Debug\NiBackRecorder.exe.intermediate.manifest
  
mt.exe : general error c101008a: Failed to save the updated manifest to the file "Debug\NiBackRecorder.exe.embed.manifest". The parameter is incorrect.
  
Done Building Project "\\vmware-host\Shared Folders\tmp\kinect-clothes\Samples\NiBackRecorder\NiBackRecorder_2010.vcxproj" (build target(s)) -- FAILED.

Build FAILED.

Time Elapsed 00:00:01.68
