<<<<<<< HEAD
﻿Build started 2011-03-09 12:35:00.
Project "C:\Documents and Settings\grotto\My Documents\Visual Studio 2010\Projects\Kinect-Clothes\Clothes\position.vcxproj" on node 2 (build target(s)).
InitializeBuildStatus:
  Touching "Debug\Kinect-Clothes.unsuccessfulbuild".
ClCompile:
  C:\Program Files\Microsoft Visual Studio 10.0\VC\bin\CL.exe /c /I"C:\Documents and Settings\Administrator.FSTO-FE1D070F89\My Documents\Visual Studio 2010\Projects\tanoku-SkeletonJelly-7ef6f70\examples\position\GL" /ZI /nologo /W3 /WX- /Od /Oy- /D _MBCS /Gm /EHsc /RTC1 /MDd /GS /fp:precise /Zc:wchar_t /Zc:forScope /Fo"Debug\\" /Fd"Debug\vc100.pdb" /Gd /TP /analyze- /errorReport:prompt Outfit.cpp UserController.cpp main.cpp
  main.cpp
c:\documents and settings\grotto\my documents\visual studio 2010\projects\kinect-clothes\clothes\outfit.h(12): error C2143: syntax error : missing ';' before '}'
  UserController.cpp
c:\documents and settings\grotto\my documents\visual studio 2010\projects\kinect-clothes\clothes\outfit.h(12): error C2143: syntax error : missing ';' before '}'
  Outfit.cpp
c:\documents and settings\grotto\my documents\visual studio 2010\projects\kinect-clothes\clothes\outfit.h(12): error C2143: syntax error : missing ';' before '}'
  Generating Code...
Done Building Project "C:\Documents and Settings\grotto\My Documents\Visual Studio 2010\Projects\Kinect-Clothes\Clothes\position.vcxproj" (build target(s)) -- FAILED.
=======
﻿Build started 3/9/2011 12:42:31 PM.
     1>Project "C:\Users\Fredrik\Documents\kinect\Kinect-Clothes\Clothes\position.vcxproj" on node 2 (build target(s)).
     1>InitializeBuildStatus:
         Creating "Debug\Kinect-Clothes.unsuccessfulbuild" because "AlwaysCreate" was specified.
       ClCompile:
         C:\Program Files (x86)\Microsoft Visual Studio 10.0\VC\bin\CL.exe /c /I"C:\Documents and Settings\Administrator.FSTO-FE1D070F89\My Documents\Visual Studio 2010\Projects\tanoku-SkeletonJelly-7ef6f70\examples\position\GL" /ZI /nologo /W3 /WX- /Od /Oy- /D _MBCS /Gm /EHsc /RTC1 /MDd /GS /fp:precise /Zc:wchar_t /Zc:forScope /Fo"Debug\\" /Fd"Debug\vc100.pdb" /Gd /TP /analyze- /errorReport:prompt UserController.cpp
         UserController.cpp
       Link:
         C:\Program Files (x86)\Microsoft Visual Studio 10.0\VC\bin\link.exe /ERRORREPORT:PROMPT /OUT:"C:\Users\Fredrik\Documents\kinect\Kinect-Clothes\Clothes\Debug\Kinect-Clothes.exe" /NOLOGO /LIBPATH:Lib openni.lib DevIL.lib ILU.lib ILUT.lib kernel32.lib user32.lib gdi32.lib winspool.lib comdlg32.lib advapi32.lib shell32.lib ole32.lib oleaut32.lib uuid.lib odbc32.lib odbccp32.lib /MANIFEST /ManifestFile:"Debug\Kinect-Clothes.exe.intermediate.manifest" /MANIFESTUAC:"level='asInvoker' uiAccess='false'" /DEBUG /PDB:"C:\Users\Fredrik\Documents\kinect\Kinect-Clothes\Clothes\Debug\Kinect-Clothes.pdb" /TLBID:1 /DYNAMICBASE /NXCOMPAT /IMPLIB:"C:\Users\Fredrik\Documents\kinect\Kinect-Clothes\Clothes\Debug\Kinect-Clothes.lib" /MACHINE:X86 Debug\Garment.obj
         Debug\main.obj
         Debug\Outfit.obj
         Debug\skeletonjelly.obj
         Debug\UserController.obj
         LINK : C:\Users\Fredrik\Documents\kinect\Kinect-Clothes\Clothes\Debug\Kinect-Clothes.exe not found or not built by the last incremental link; performing full link
         position.vcxproj -> C:\Users\Fredrik\Documents\kinect\Kinect-Clothes\Clothes\Debug\Kinect-Clothes.exe
       Manifest:
         C:\Program Files (x86)\Microsoft SDKs\Windows\v7.0A\bin\mt.exe /nologo /verbose /outputresource:"C:\Users\Fredrik\Documents\kinect\Kinect-Clothes\Clothes\Debug\Kinect-Clothes.exe;#1" /manifest "Debug\Kinect-Clothes.exe.intermediate.manifest"
       FinalizeBuildStatus:
         Deleting file "Debug\Kinect-Clothes.unsuccessfulbuild".
         Touching "Debug\Kinect-Clothes.lastbuildstate".
     1>Done Building Project "C:\Users\Fredrik\Documents\kinect\Kinect-Clothes\Clothes\position.vcxproj" (build target(s)).
>>>>>>> 02c8dd9bdb15ee94334e6ec5efe0b9fe727e9967

Build succeeded.

<<<<<<< HEAD
Time Elapsed 00:00:04.10
=======
Time Elapsed 00:00:01.94
>>>>>>> 02c8dd9bdb15ee94334e6ec5efe0b9fe727e9967
