Build started 3/3/2011 3:16:12 PM.
Project "\\vmware-host\Shared Folders\tmp\kinect-clothes\Samples\NiSimpleViewer\NiSimpleViewer_2010.vcxproj" on node 2 (build target(s)).
InitializeBuildStatus:
  Touching "Debug\NiSimpleViewer.unsuccessfulbuild".
ClCompile:
  All outputs are up-to-date.
ResourceCompile:
  C:\Program Files\Microsoft SDKs\Windows\v7.0A\bin\rc.exe /D _UNICODE /D UNICODE /l"0x0409" /I..\..\Include /nologo /fo"Debug\OpenNI.res" ..\Res\OpenNI.rc 
ManifestResourceCompile:
  All outputs are up-to-date.
Link:
  C:\Program Files\Microsoft Visual Studio 10.0\VC\bin\link.exe /ERRORREPORT:PROMPT /OUT:"../Bin/Debug\NiSimpleViewer.exe" /INCREMENTAL /NOLOGO /LIBPATH:../../Lib/Debug /LIBPATH:../../Lib/ /LIBPATH:../../Samples/NiSimpleViewer/Libs openNI.lib glut32.lib kernel32.lib user32.lib gdi32.lib winspool.lib comdlg32.lib advapi32.lib shell32.lib ole32.lib oleaut32.lib uuid.lib odbc32.lib odbccp32.lib /MANIFEST /ManifestFile:"Debug\NiSimpleViewer.exe.intermediate.manifest" /MANIFESTUAC:"level='asInvoker' uiAccess='false'" /DEBUG /PDB:"../Bin/Debug/NiSimpleViewer.pdb" /SUBSYSTEM:CONSOLE /TLBID:1 /DYNAMICBASE /NXCOMPAT /IMPLIB:"../Bin/Debug\NiSimpleViewer.lib" /MACHINE:X86 Debug\OpenNI.res
  Debug\NiSimpleViewer.exe.embed.manifest.res
  Debug\NiSimpleViewer.obj
Manifest:
  C:\Program Files\Microsoft SDKs\Windows\v7.0A\bin\mt.exe /nologo /verbose /out:"Debug\NiSimpleViewer.exe.embed.manifest" /manifest Debug\NiSimpleViewer.exe.intermediate.manifest
  
mt.exe : general error c101008a: Failed to save the updated manifest to the file "Debug\NiSimpleViewer.exe.embed.manifest". The parameter is incorrect.
  
Done Building Project "\\vmware-host\Shared Folders\tmp\kinect-clothes\Samples\NiSimpleViewer\NiSimpleViewer_2010.vcxproj" (build target(s)) -- FAILED.

Build FAILED.

Time Elapsed 00:00:02.04
